<?xml version="1.0" encoding="UTF-8"?>
<testng-results ignored="0" total="5" passed="4" failed="1" skipped="0">
  <reporter-output>
  </reporter-output>
  <suite started-at="2024-05-12T15:53:55 IST" name="Default suite" finished-at="2024-05-12T16:26:55 IST" duration-ms="1979749">
    <groups>
    </groups>
    <test started-at="2024-05-12T15:53:55 IST" name="Default test" finished-at="2024-05-12T16:26:55 IST" duration-ms="1979749">
      <class name="SpiceJetTest.SpiceJetTest">
        <test-method signature="SpiceJetLoginTestCases()[pri:1, instance:SpiceJetTest.SpiceJetTest@449a4f23]" started-at="2024-05-12T15:53:55 IST" name="SpiceJetLoginTestCases" finished-at="2024-05-12T15:54:54 IST" duration-ms="59204" status="PASS">
          <reporter-output>
          </reporter-output>
        </test-method> <!-- SpiceJetLoginTestCases -->
        <test-method is-config="true" signature="closeAllBrowsers()[pri:0, instance:SpiceJetTest.SpiceJetTest@449a4f23]" started-at="2024-05-12T15:54:54 IST" name="closeAllBrowsers" finished-at="2024-05-12T15:54:55 IST" duration-ms="1184" status="PASS">
          <reporter-output>
          </reporter-output>
        </test-method> <!-- closeAllBrowsers -->
        <test-method signature="SpiceJetInvalidLoginTestCase()[pri:2, instance:SpiceJetTest.SpiceJetTest@449a4f23]" started-at="2024-05-12T15:54:55 IST" name="SpiceJetInvalidLoginTestCase" finished-at="2024-05-12T15:55:45 IST" duration-ms="50083" status="PASS">
          <reporter-output>
          </reporter-output>
        </test-method> <!-- SpiceJetInvalidLoginTestCase -->
        <test-method is-config="true" signature="closeAllBrowsers()[pri:0, instance:SpiceJetTest.SpiceJetTest@449a4f23]" started-at="2024-05-12T15:55:45 IST" name="closeAllBrowsers" finished-at="2024-05-12T15:55:48 IST" duration-ms="2831" status="PASS">
          <reporter-output>
          </reporter-output>
        </test-method> <!-- closeAllBrowsers -->
        <test-method signature="Roundtrip()[pri:3, instance:SpiceJetTest.SpiceJetTest@449a4f23]" started-at="2024-05-12T15:55:48 IST" name="Roundtrip" finished-at="2024-05-12T16:11:52 IST" duration-ms="963815" status="PASS">
          <reporter-output>
          </reporter-output>
        </test-method> <!-- Roundtrip -->
        <test-method is-config="true" signature="closeAllBrowsers()[pri:0, instance:SpiceJetTest.SpiceJetTest@449a4f23]" started-at="2024-05-12T16:11:52 IST" name="closeAllBrowsers" finished-at="2024-05-12T16:11:54 IST" duration-ms="2110" status="PASS">
          <reporter-output>
          </reporter-output>
        </test-method> <!-- closeAllBrowsers -->
        <test-method signature="OnewayFlight()[pri:4, instance:SpiceJetTest.SpiceJetTest@449a4f23]" started-at="2024-05-12T16:11:54 IST" name="OnewayFlight" finished-at="2024-05-12T16:25:48 IST" duration-ms="833357" status="PASS">
          <reporter-output>
          </reporter-output>
        </test-method> <!-- OnewayFlight -->
        <test-method is-config="true" signature="closeAllBrowsers()[pri:0, instance:SpiceJetTest.SpiceJetTest@449a4f23]" started-at="2024-05-12T16:25:48 IST" name="closeAllBrowsers" finished-at="2024-05-12T16:25:50 IST" duration-ms="2380" status="PASS">
          <reporter-output>
          </reporter-output>
        </test-method> <!-- closeAllBrowsers -->
        <test-method signature="flightStatus()[pri:5, instance:SpiceJetTest.SpiceJetTest@449a4f23]" started-at="2024-05-12T16:25:50 IST" name="flightStatus" finished-at="2024-05-12T16:26:54 IST" duration-ms="63722" status="FAIL">
          <exception class="org.openqa.selenium.NoSuchElementException">
            <message>
              <![CDATA[no such element: Unable to locate element: {"method":"xpath","selector":"//div[text()='Web Check-In']"}
  (Session info: chrome=124.0.6367.158)
For documentation on this error, please visit: https://www.selenium.dev/documentation/webdriver/troubleshooting/errors#no-such-element-exception
Build info: version: '4.20.0', revision: '866c76ca80'
System info: os.name: 'Windows 11', os.arch: 'amd64', os.version: '10.0', java.version: '17.0.10'
Driver info: org.openqa.selenium.chrome.ChromeDriver
Command: [886446eb66b098aba14e65bc3addd758, findElement {value=//div[text()='Web Check-In'], using=xpath}]
Capabilities {acceptInsecureCerts: false, browserName: chrome, browserVersion: 124.0.6367.158, chrome: {chromedriverVersion: 124.0.6367.201 (46cf136d27d..., userDataDir: C:\Users\santh\AppData\Loca...}, fedcm:accounts: true, goog:chromeOptions: {debuggerAddress: localhost:57732}, networkConnectionEnabled: false, pageLoadStrategy: normal, platformName: windows, proxy: Proxy(), se:cdp: ws://localhost:57732/devtoo..., se:cdpVersion: 124.0.6367.158, setWindowRect: true, strictFileInteractability: false, timeouts: {implicit: 0, pageLoad: 300000, script: 30000}, unhandledPromptBehavior: dismiss and notify, webauthn:extension:credBlob: true, webauthn:extension:largeBlob: true, webauthn:extension:minPinLength: true, webauthn:extension:prf: true, webauthn:virtualAuthenticators: true}
Session ID: 886446eb66b098aba14e65bc3addd758]]>
            </message>
            <full-stacktrace>
              <![CDATA[org.openqa.selenium.NoSuchElementException: no such element: Unable to locate element: {"method":"xpath","selector":"//div[text()='Web Check-In']"}
  (Session info: chrome=124.0.6367.158)
For documentation on this error, please visit: https://www.selenium.dev/documentation/webdriver/troubleshooting/errors#no-such-element-exception
Build info: version: '4.20.0', revision: '866c76ca80'
System info: os.name: 'Windows 11', os.arch: 'amd64', os.version: '10.0', java.version: '17.0.10'
Driver info: org.openqa.selenium.chrome.ChromeDriver
Command: [886446eb66b098aba14e65bc3addd758, findElement {value=//div[text()='Web Check-In'], using=xpath}]
Capabilities {acceptInsecureCerts: false, browserName: chrome, browserVersion: 124.0.6367.158, chrome: {chromedriverVersion: 124.0.6367.201 (46cf136d27d..., userDataDir: C:\Users\santh\AppData\Loca...}, fedcm:accounts: true, goog:chromeOptions: {debuggerAddress: localhost:57732}, networkConnectionEnabled: false, pageLoadStrategy: normal, platformName: windows, proxy: Proxy(), se:cdp: ws://localhost:57732/devtoo..., se:cdpVersion: 124.0.6367.158, setWindowRect: true, strictFileInteractability: false, timeouts: {implicit: 0, pageLoad: 300000, script: 30000}, unhandledPromptBehavior: dismiss and notify, webauthn:extension:credBlob: true, webauthn:extension:largeBlob: true, webauthn:extension:minPinLength: true, webauthn:extension:prf: true, webauthn:virtualAuthenticators: true}
Session ID: 886446eb66b098aba14e65bc3addd758
at jdk.internal.reflect.GeneratedConstructorAccessor14.newInstance(Unknown Source)
at java.base/jdk.internal.reflect.DelegatingConstructorAccessorImpl.newInstance(DelegatingConstructorAccessorImpl.java:45)
at java.base/java.lang.reflect.Constructor.newInstanceWithCaller(Constructor.java:499)
at java.base/java.lang.reflect.Constructor.newInstance(Constructor.java:480)
at org.openqa.selenium.remote.ErrorCodec.decode(ErrorCodec.java:167)
at org.openqa.selenium.remote.codec.w3c.W3CHttpResponseCodec.decode(W3CHttpResponseCodec.java:138)
at org.openqa.selenium.remote.codec.w3c.W3CHttpResponseCodec.decode(W3CHttpResponseCodec.java:50)
at org.openqa.selenium.remote.HttpCommandExecutor.execute(HttpCommandExecutor.java:190)
at org.openqa.selenium.remote.service.DriverCommandExecutor.invokeExecute(DriverCommandExecutor.java:216)
at org.openqa.selenium.remote.service.DriverCommandExecutor.execute(DriverCommandExecutor.java:174)
at org.openqa.selenium.remote.RemoteWebDriver.execute(RemoteWebDriver.java:518)
at org.openqa.selenium.remote.ElementLocation$ElementFinder$2.findElement(ElementLocation.java:165)
at org.openqa.selenium.remote.ElementLocation.findElement(ElementLocation.java:59)
at org.openqa.selenium.remote.RemoteWebDriver.findElement(RemoteWebDriver.java:355)
at org.openqa.selenium.remote.RemoteWebDriver.findElement(RemoteWebDriver.java:349)
at org.openqa.selenium.support.pagefactory.DefaultElementLocator.findElement(DefaultElementLocator.java:68)
at org.openqa.selenium.support.pagefactory.internal.LocatingElementHandler.invoke(LocatingElementHandler.java:38)
at jdk.proxy2/jdk.proxy2.$Proxy14.isDisplayed(Unknown Source)
at SpiceJetPage.FlightStatusPage.CheckStatus(FlightStatusPage.java:31)
at SpiceJetUtils.SpiceJetWrappers.FlightStatus(SpiceJetWrappers.java:132)
at SpiceJetTest.SpiceJetTest.flightStatus(SpiceJetTest.java:143)
at java.base/jdk.internal.reflect.NativeMethodAccessorImpl.invoke0(Native Method)
at java.base/jdk.internal.reflect.NativeMethodAccessorImpl.invoke(NativeMethodAccessorImpl.java:77)
at java.base/jdk.internal.reflect.DelegatingMethodAccessorImpl.invoke(DelegatingMethodAccessorImpl.java:43)
at java.base/java.lang.reflect.Method.invoke(Method.java:568)
at org.testng.internal.invokers.MethodInvocationHelper.invokeMethod(MethodInvocationHelper.java:139)
at org.testng.internal.invokers.TestInvoker.invokeMethod(TestInvoker.java:664)
at org.testng.internal.invokers.TestInvoker.invokeTestMethod(TestInvoker.java:228)
at org.testng.internal.invokers.MethodRunner.runInSequence(MethodRunner.java:63)
at org.testng.internal.invokers.TestInvoker$MethodInvocationAgent.invoke(TestInvoker.java:961)
at org.testng.internal.invokers.TestInvoker.invokeTestMethods(TestInvoker.java:201)
at org.testng.internal.invokers.TestMethodWorker.invokeTestMethods(TestMethodWorker.java:148)
at org.testng.internal.invokers.TestMethodWorker.run(TestMethodWorker.java:128)
at java.base/java.util.ArrayList.forEach(ArrayList.java:1511)
at org.testng.TestRunner.privateRun(TestRunner.java:819)
at org.testng.TestRunner.run(TestRunner.java:619)
at org.testng.SuiteRunner.runTest(SuiteRunner.java:443)
at org.testng.SuiteRunner.runSequentially(SuiteRunner.java:437)
at org.testng.SuiteRunner.privateRun(SuiteRunner.java:397)
at org.testng.SuiteRunner.run(SuiteRunner.java:336)
at org.testng.SuiteRunnerWorker.runSuite(SuiteRunnerWorker.java:52)
at org.testng.SuiteRunnerWorker.run(SuiteRunnerWorker.java:95)
at org.testng.TestNG.runSuitesSequentially(TestNG.java:1301)
at org.testng.TestNG.runSuitesLocally(TestNG.java:1228)
at org.testng.TestNG.runSuites(TestNG.java:1134)
at org.testng.TestNG.run(TestNG.java:1101)
at org.testng.remote.AbstractRemoteTestNG.run(AbstractRemoteTestNG.java:115)
at org.testng.remote.RemoteTestNG.initAndRun(RemoteTestNG.java:293)
at org.testng.remote.RemoteTestNG.main(RemoteTestNG.java:91)
]]>
            </full-stacktrace>
          </exception> <!-- org.openqa.selenium.NoSuchElementException -->
          <reporter-output>
          </reporter-output>
        </test-method> <!-- flightStatus -->
        <test-method is-config="true" signature="closeAllBrowsers()[pri:0, instance:SpiceJetTest.SpiceJetTest@449a4f23]" started-at="2024-05-12T16:26:54 IST" name="closeAllBrowsers" finished-at="2024-05-12T16:26:55 IST" duration-ms="721" status="PASS">
          <reporter-output>
          </reporter-output>
        </test-method> <!-- closeAllBrowsers -->
      </class> <!-- SpiceJetTest.SpiceJetTest -->
    </test> <!-- Default test -->
  </suite> <!-- Default suite -->
</testng-results>
